[debug] [2020-07-22T08:37:33.234Z] ----------------------------------------------------------------------
[debug] [2020-07-22T08:37:33.238Z] Command:       C:\Program Files\nodejs\node.exe C:\Users\Swapnil\AppData\Roaming\npm\node_modules\firebase-tools\lib\bin\firebase.js init
[debug] [2020-07-22T08:37:33.238Z] CLI Version:   8.6.0
[debug] [2020-07-22T08:37:33.239Z] Platform:      win32
[debug] [2020-07-22T08:37:33.239Z] Node Version:  v10.16.0
[debug] [2020-07-22T08:37:33.240Z] Time:          Wed Jul 22 2020 14:07:33 GMT+0530 (India Standard Time)
[debug] [2020-07-22T08:37:33.240Z] ----------------------------------------------------------------------
[debug] [2020-07-22T08:37:33.240Z] 
[debug] [2020-07-22T08:37:33.253Z] > command requires scopes: ["email","openid","https://www.googleapis.com/auth/cloudplatformprojects.readonly","https://www.googleapis.com/auth/firebase","https://www.googleapis.com/auth/cloud-platform"]
[debug] [2020-07-22T08:37:33.254Z] > authorizing via signed-in user
[info] 
     ######## #### ########  ######## ########     ###     ######  ########
     ##        ##  ##     ## ##       ##     ##  ##   ##  ##       ##
     ######    ##  ########  ######   ########  #########  ######  ######
     ##        ##  ##    ##  ##       ##     ## ##     ##       ## ##
     ##       #### ##     ## ######## ########  ##     ##  ######  ########

You're about to initialize a Firebase project in this directory:

  D:\Projects\Angular\myAngularApp

Before we get started, keep in mind:

  * You are initializing in an existing Firebase project directory

